#
# There is insufficient memory for the Java Runtime Environment to continue.
# Cannot create worker GC thread. Out of system resources.
# Possible reasons:
#   The system is out of physical RAM or swap space
#   The process is running with CompressedOops enabled, and the Java Heap may be blocking the growth of the native heap
# Possible solutions:
#   Reduce memory load on the system
#   Increase physical memory or swap space
#   Check if swap backing store is full
#   Decrease Java heap size (-Xmx/-Xms)
#   Decrease number of Java threads
#   Decrease Java thread stack sizes (-Xss)
#   Set larger code cache with -XX:ReservedCodeCacheSize=
#   JVM is running with Zero Based Compressed Oops mode in which the Java heap is
#     placed in the first 32GB address space. The Java Heap base address is the
#     maximum limit for the native heap growth. Please use -XX:HeapBaseMinAddress
#     to set the Java Heap base and to place the Java Heap above 32GB virtual address.
# This output file may be truncated or incomplete.
#
#  Out of Memory Error (workerManager.hpp:87), pid=3806652, tid=3806652
#
# JRE version:  (17.0.4+8) (build )
# Java VM: OpenJDK 64-Bit Server VM (17.0.4+8-Ubuntu-120.04, mixed mode, sharing, tiered, compressed oops, compressed class ptrs, g1 gc, linux-amd64)
# Core dump will be written. Default location: Core dumps may be processed with "/usr/share/apport/apport -p%p -s%s -c%c -d%d -P%P -u%u -g%g -- %E" (or dumping to /home/cim/ug/zjac115/Year 2/SoftENG/Projects/LectureTDD/core.3806652)
#

---------------  S U M M A R Y ------------

Command Line: -ea -Dfile.encoding=UTF-8 -XX:+ShowCodeDetailsInExceptionMessages org.eclipse.jdt.internal.junit.runner.RemoteTestRunner -version 3 -port 34229 -testLoaderClass org.eclipse.jdt.internal.junit5.runner.JUnit5TestLoader -loaderpluginname org.eclipse.jdt.junit5.runtime -packageNameFile /tmp/packageNames18401130735616704105.txt

Host: Intel(R) Xeon(R) CPU E5-2683 v4 @ 2.10GHz, 24 cores, 188G, Ubuntu 20.04.5 LTS
Time: Mon Oct 17 15:21:08 2022 BST elapsed time: 0.007908 seconds (0d 0h 0m 0s)

---------------  T H R E A D  ---------------

Current thread (0x000055ab6ff764d0):  JavaThread "Unknown thread" [_thread_in_vm, id=3806652, stack(0x00007ffcdf1a7000,0x00007ffcdf9a6000)]

Stack: [0x00007ffcdf1a7000,0x00007ffcdf9a6000],  sp=0x00007ffcdf9a06f0,  free space=8165k
Native frames: (J=compiled Java code, j=interpreted, Vv=VM code, C=native code)
V  [libjvm.so+0xf5aa45]
V  [libjvm.so+0xf5b6f1]
V  [libjvm.so+0x617bb7]
V  [libjvm.so+0xf8ed71]
V  [libjvm.so+0xf8ef4d]
V  [libjvm.so+0x701119]
V  [libjvm.so+0xf07b56]
V  [libjvm.so+0x810f5b]
V  [libjvm.so+0xeddc1f]
V  [libjvm.so+0x8dadf5]  JNI_CreateJavaVM+0x55
C  [libjli.so+0x3e01]
C  [libjli.so+0x9148]
C  [libjli.so+0x5e11]
C  [libjli.so+0x7825]  JLI_Launch+0x1805
C  [java+0x12b3]


---------------  P R O C E S S  ---------------

Threads class SMR info:
_java_thread_list=0x00007fcf2d67f3a0, length=0, elements={
}

Java Threads: ( => current thread )

Other Threads:

[error occurred during error reporting (printing all threads), id 0xb, SIGSEGV (0xb) at pc=0x00007fcf2c9ece94]

VM state: not at safepoint (not fully initialized)

VM Mutex/Monitor currently owned by a thread:  ([mutex/lock_event])
[0x000055ab6ff72800] Heap_lock - owner thread: 0x000055ab6ff764d0

Heap address: 0x0000000082000000, size: 30688 MB, Compressed Oops mode: Zero based, Oop shift amount: 3

CDS archive(s) mapped at: [0x0000000000000000-0x0000000000000000-0x0000000000000000), size 0, SharedBaseAddress: 0x0000000800000000, ArchiveRelocationMode: 0.
Narrow klass base: 0x0000000000000000, Narrow klass shift: 0, Narrow klass range: 0x0

GC Precious Log:
<Empty>

Heap:
 garbage-first heap   total 0K, used 0K [0x0000000082000000, 0x0000000800000000)
  region size 16384K, 0 young (0K), 0 survivors (0K)

[error occurred during error reporting (printing heap information), id 0xb, SIGSEGV (0xb) at pc=0x00007fcf2cfb585e]

GC Heap History (0 events):
No events

Deoptimization events (0 events):
No events

Classes unloaded (0 events):
No events

Classes redefined (0 events):
No events

Internal exceptions (0 events):
No events

VM Operations (0 events):
No events

Events (3 events):
Event: 0.003 Protecting memory [0x00007ffcdf1a7000,0x00007ffcdf1ab000] with protection modes 0
Event: 0.004 Loaded shared library /usr/lib/jvm/java-17-openjdk-amd64/lib/libjava.so
Event: 0.004 Loaded shared library /usr/lib/jvm/java-17-openjdk-amd64/lib/libzip.so


Dynamic libraries:
82000000-800000000 ---p 00000000 00:00 0 
55ab6f291000-55ab6f292000 r--p 00000000 08:02 3149514                    /usr/lib/jvm/java-17-openjdk-amd64/bin/java
55ab6f292000-55ab6f293000 r-xp 00001000 08:02 3149514                    /usr/lib/jvm/java-17-openjdk-amd64/bin/java
55ab6f293000-55ab6f294000 r--p 00002000 08:02 3149514                    /usr/lib/jvm/java-17-openjdk-amd64/bin/java
55ab6f294000-55ab6f295000 r--p 00002000 08:02 3149514                    /usr/lib/jvm/java-17-openjdk-amd64/bin/java
55ab6f295000-55ab6f296000 rw-p 00003000 08:02 3149514                    /usr/lib/jvm/java-17-openjdk-amd64/bin/java
55ab6ff4a000-55ab6ffc7000 rw-p 00000000 00:00 0                          [heap]
7fcecbd65000-7fcecbd66000 ---p 00000000 00:00 0 
7fcecbd66000-7fcecbfd3000 rw-p 00000000 00:00 0 
7fcecbfd3000-7fcf132a3000 ---p 00000000 00:00 0 
7fcf132a3000-7fcf145aa000 rw-p 00000000 00:00 0 
7fcf145aa000-7fcf1468e000 ---p 00000000 00:00 0 
7fcf1468e000-7fcf14693000 rw-p 00000000 00:00 0 
7fcf14693000-7fcf14777000 ---p 00000000 00:00 0 
7fcf14777000-7fcf149e7000 rwxp 00000000 00:00 0 
7fcf149e7000-7fcf14eb8000 ---p 00000000 00:00 0 
7fcf14eb8000-7fcf15128000 rwxp 00000000 00:00 0 
7fcf15128000-7fcf1c317000 ---p 00000000 00:00 0 
7fcf1c317000-7fcf1c587000 rwxp 00000000 00:00 0 
7fcf1c587000-7fcf23777000 ---p 00000000 00:00 0 
7fcf23777000-7fcf23783000 r--p 00000000 08:02 3157305                    /usr/lib/jvm/java-17-openjdk-amd64/lib/libjava.so
7fcf23783000-7fcf23796000 r-xp 0000c000 08:02 3157305                    /usr/lib/jvm/java-17-openjdk-amd64/lib/libjava.so
7fcf23796000-7fcf2379c000 r--p 0001f000 08:02 3157305                    /usr/lib/jvm/java-17-openjdk-amd64/lib/libjava.so
7fcf2379c000-7fcf2379d000 ---p 00025000 08:02 3157305                    /usr/lib/jvm/java-17-openjdk-amd64/lib/libjava.so
7fcf2379d000-7fcf2379e000 r--p 00025000 08:02 3157305                    /usr/lib/jvm/java-17-openjdk-amd64/lib/libjava.so
7fcf2379e000-7fcf2379f000 rw-p 00026000 08:02 3157305                    /usr/lib/jvm/java-17-openjdk-amd64/lib/libjava.so
7fcf2379f000-7fcf237a0000 rw-p 00000000 00:00 0 
7fcf237a0000-7fcf23fa5000 r--s 00000000 08:02 1441842                    /var/lib/sss/mc/passwd
7fcf23fa5000-7fcf23fa7000 r--p 00000000 08:02 1179752                    /lib/x86_64-linux-gnu/libnss_sss.so.2
7fcf23fa7000-7fcf23fad000 r-xp 00002000 08:02 1179752                    /lib/x86_64-linux-gnu/libnss_sss.so.2
7fcf23fad000-7fcf23faf000 r--p 00008000 08:02 1179752                    /lib/x86_64-linux-gnu/libnss_sss.so.2
7fcf23faf000-7fcf23fb0000 r--p 00009000 08:02 1179752                    /lib/x86_64-linux-gnu/libnss_sss.so.2
7fcf23fb0000-7fcf23fb1000 rw-p 0000a000 08:02 1179752                    /lib/x86_64-linux-gnu/libnss_sss.so.2
7fcf23fb9000-7fcf23fbe000 rw-p 00000000 00:00 0 
7fcf23fbe000-7fcf23fc8000 ---p 00000000 00:00 0 
7fcf23fc8000-7fcf23fca000 r--p 00000000 08:02 3157326                    /usr/lib/jvm/java-17-openjdk-amd64/lib/libzip.so
7fcf23fca000-7fcf23fcf000 r-xp 00002000 08:02 3157326                    /usr/lib/jvm/java-17-openjdk-amd64/lib/libzip.so
7fcf23fcf000-7fcf23fd1000 r--p 00007000 08:02 3157326                    /usr/lib/jvm/java-17-openjdk-amd64/lib/libzip.so
7fcf23fd1000-7fcf23fd2000 r--p 00008000 08:02 3157326                    /usr/lib/jvm/java-17-openjdk-amd64/lib/libzip.so
7fcf23fd2000-7fcf23fd3000 rw-p 00009000 08:02 3157326                    /usr/lib/jvm/java-17-openjdk-amd64/lib/libzip.so
7fcf23fd3000-7fcf2be93000 r--s 00000000 08:02 3157327                    /usr/lib/jvm/java-17-openjdk-amd64/lib/modules
7fcf2be93000-7fcf2bf94000 rw-p 00000000 00:00 0 
7fcf2bf94000-7fcf2bf97000 r--p 00000000 08:02 1182456                    /lib/x86_64-linux-gnu/libgcc_s.so.1
7fcf2bf97000-7fcf2bfa9000 r-xp 00003000 08:02 1182456                    /lib/x86_64-linux-gnu/libgcc_s.so.1
7fcf2bfa9000-7fcf2bfad000 r--p 00015000 08:02 1182456                    /lib/x86_64-linux-gnu/libgcc_s.so.1
7fcf2bfad000-7fcf2bfae000 r--p 00018000 08:02 1182456                    /lib/x86_64-linux-gnu/libgcc_s.so.1
7fcf2bfae000-7fcf2bfaf000 rw-p 00019000 08:02 1182456                    /lib/x86_64-linux-gnu/libgcc_s.so.1
7fcf2bfaf000-7fcf2bfbc000 r--p 00000000 08:02 1179902                    /lib/x86_64-linux-gnu/libm-2.31.so
7fcf2bfbc000-7fcf2c063000 r-xp 0000d000 08:02 1179902                    /lib/x86_64-linux-gnu/libm-2.31.so
7fcf2c063000-7fcf2c0fc000 r--p 000b4000 08:02 1179902                    /lib/x86_64-linux-gnu/libm-2.31.so
7fcf2c0fc000-7fcf2c0fd000 r--p 0014c000 08:02 1179902                    /lib/x86_64-linux-gnu/libm-2.31.so
7fcf2c0fd000-7fcf2c0fe000 rw-p 0014d000 08:02 1179902                    /lib/x86_64-linux-gnu/libm-2.31.so
7fcf2c0fe000-7fcf2c194000 r--p 00000000 08:02 1966267                    /usr/lib/x86_64-linux-gnu/libstdc++.so.6.0.28
7fcf2c194000-7fcf2c285000 r-xp 00096000 08:02 1966267                    /usr/lib/x86_64-linux-gnu/libstdc++.so.6.0.28
7fcf2c285000-7fcf2c2ce000 r--p 00187000 08:02 1966267                    /usr/lib/x86_64-linux-gnu/libstdc++.so.6.0.28
7fcf2c2ce000-7fcf2c2cf000 ---p 001d0000 08:02 1966267                    /usr/lib/x86_64-linux-gnu/libstdc++.so.6.0.28
7fcf2c2cf000-7fcf2c2da000 r--p 001d0000 08:02 1966267                    /usr/lib/x86_64-linux-gnu/libstdc++.so.6.0.28
7fcf2c2da000-7fcf2c2dd000 rw-p 001db000 08:02 1966267                    /usr/lib/x86_64-linux-gnu/libstdc++.so.6.0.28
7fcf2c2dd000-7fcf2c2e0000 rw-p 00000000 00:00 0 
7fcf2c2e0000-7fcf2c530000 r--p 00000000 08:02 3157331                    /usr/lib/jvm/java-17-openjdk-amd64/lib/server/libjvm.so
7fcf2c530000-7fcf2d2bd000 r-xp 00250000 08:02 3157331                    /usr/lib/jvm/java-17-openjdk-amd64/lib/server/libjvm.so
7fcf2d2bd000-7fcf2d542000 r--p 00fdd000 08:02 3157331                    /usr/lib/jvm/java-17-openjdk-amd64/lib/server/libjvm.so
7fcf2d542000-7fcf2d543000 ---p 01262000 08:02 3157331                    /usr/lib/jvm/java-17-openjdk-amd64/lib/server/libjvm.so
7fcf2d543000-7fcf2d5fb000 r--p 01262000 08:02 3157331                    /usr/lib/jvm/java-17-openjdk-amd64/lib/server/libjvm.so
7fcf2d5fb000-7fcf2d630000 rw-p 0131a000 08:02 3157331                    /usr/lib/jvm/java-17-openjdk-amd64/lib/server/libjvm.so
7fcf2d630000-7fcf2d68b000 rw-p 00000000 00:00 0 
7fcf2d68b000-7fcf2d691000 r--p 00000000 08:02 1179913                    /lib/x86_64-linux-gnu/libpthread-2.31.so
7fcf2d691000-7fcf2d6a2000 r-xp 00006000 08:02 1179913                    /lib/x86_64-linux-gnu/libpthread-2.31.so
7fcf2d6a2000-7fcf2d6a8000 r--p 00017000 08:02 1179913                    /lib/x86_64-linux-gnu/libpthread-2.31.so
7fcf2d6a8000-7fcf2d6a9000 r--p 0001c000 08:02 1179913                    /lib/x86_64-linux-gnu/libpthread-2.31.so
7fcf2d6a9000-7fcf2d6aa000 rw-p 0001d000 08:02 1179913                    /lib/x86_64-linux-gnu/libpthread-2.31.so
7fcf2d6aa000-7fcf2d6ae000 rw-p 00000000 00:00 0 
7fcf2d6ae000-7fcf2d6af000 r--p 00000000 08:02 1179901                    /lib/x86_64-linux-gnu/libdl-2.31.so
7fcf2d6af000-7fcf2d6b1000 r-xp 00001000 08:02 1179901                    /lib/x86_64-linux-gnu/libdl-2.31.so
7fcf2d6b1000-7fcf2d6b2000 r--p 00003000 08:02 1179901                    /lib/x86_64-linux-gnu/libdl-2.31.so
7fcf2d6b2000-7fcf2d6b3000 r--p 00003000 08:02 1179901                    /lib/x86_64-linux-gnu/libdl-2.31.so
7fcf2d6b3000-7fcf2d6b4000 rw-p 00004000 08:02 1179901                    /lib/x86_64-linux-gnu/libdl-2.31.so
7fcf2d6b4000-7fcf2d6b6000 r--p 00000000 08:02 1180254                    /lib/x86_64-linux-gnu/libz.so.1.2.11
7fcf2d6b6000-7fcf2d6c7000 r-xp 00002000 08:02 1180254                    /lib/x86_64-linux-gnu/libz.so.1.2.11
7fcf2d6c7000-7fcf2d6cd000 r--p 00013000 08:02 1180254                    /lib/x86_64-linux-gnu/libz.so.1.2.11
7fcf2d6cd000-7fcf2d6ce000 ---p 00019000 08:02 1180254                    /lib/x86_64-linux-gnu/libz.so.1.2.11
7fcf2d6ce000-7fcf2d6cf000 r--p 00019000 08:02 1180254                    /lib/x86_64-linux-gnu/libz.so.1.2.11
7fcf2d6cf000-7fcf2d6d0000 rw-p 0001a000 08:02 1180254                    /lib/x86_64-linux-gnu/libz.so.1.2.11
7fcf2d6d0000-7fcf2d6f2000 r--p 00000000 08:02 1179898                    /lib/x86_64-linux-gnu/libc-2.31.so
7fcf2d6f2000-7fcf2d86a000 r-xp 00022000 08:02 1179898                    /lib/x86_64-linux-gnu/libc-2.31.so
7fcf2d86a000-7fcf2d8b8000 r--p 0019a000 08:02 1179898                    /lib/x86_64-linux-gnu/libc-2.31.so
7fcf2d8b8000-7fcf2d8bc000 r--p 001e7000 08:02 1179898                    /lib/x86_64-linux-gnu/libc-2.31.so
7fcf2d8bc000-7fcf2d8be000 rw-p 001eb000 08:02 1179898                    /lib/x86_64-linux-gnu/libc-2.31.so
7fcf2d8be000-7fcf2d8c2000 rw-p 00000000 00:00 0 
7fcf2d8c3000-7fcf2d8c5000 r--s 0000c000 08:02 3277189                    /usr/share/java/java-atk-wrapper.jar
7fcf2d8c5000-7fcf2d8cd000 rw-s 00000000 00:32 7394                       /tmp/hsperfdata_zjac115/3806652
7fcf2d8cd000-7fcf2d8cf000 r--p 00000000 08:02 1179906                    /lib/x86_64-linux-gnu/libnss_compat-2.31.so
7fcf2d8cf000-7fcf2d8d6000 r-xp 00002000 08:02 1179906                    /lib/x86_64-linux-gnu/libnss_compat-2.31.so
7fcf2d8d6000-7fcf2d8d7000 r--p 00009000 08:02 1179906                    /lib/x86_64-linux-gnu/libnss_compat-2.31.so
7fcf2d8d7000-7fcf2d8d8000 r--p 00009000 08:02 1179906                    /lib/x86_64-linux-gnu/libnss_compat-2.31.so
7fcf2d8d8000-7fcf2d8d9000 rw-p 0000a000 08:02 1179906                    /lib/x86_64-linux-gnu/libnss_compat-2.31.so
7fcf2d8d9000-7fcf2d8da000 ---p 00000000 00:00 0 
7fcf2d8da000-7fcf2d8db000 r--p 00000000 00:00 0 
7fcf2d8db000-7fcf2d8dd000 r--p 00000000 08:02 3157308                    /usr/lib/jvm/java-17-openjdk-amd64/lib/libjimage.so
7fcf2d8dd000-7fcf2d8e0000 r-xp 00002000 08:02 3157308                    /usr/lib/jvm/java-17-openjdk-amd64/lib/libjimage.so
7fcf2d8e0000-7fcf2d8e1000 r--p 00005000 08:02 3157308                    /usr/lib/jvm/java-17-openjdk-amd64/lib/libjimage.so
7fcf2d8e1000-7fcf2d8e2000 ---p 00006000 08:02 3157308                    /usr/lib/jvm/java-17-openjdk-amd64/lib/libjimage.so
7fcf2d8e2000-7fcf2d8e3000 r--p 00006000 08:02 3157308                    /usr/lib/jvm/java-17-openjdk-amd64/lib/libjimage.so
7fcf2d8e3000-7fcf2d8e4000 rw-p 00007000 08:02 3157308                    /usr/lib/jvm/java-17-openjdk-amd64/lib/libjimage.so
7fcf2d8e4000-7fcf2d8e6000 r--p 00000000 08:02 3157309                    /usr/lib/jvm/java-17-openjdk-amd64/lib/libjli.so
7fcf2d8e6000-7fcf2d8f0000 r-xp 00002000 08:02 3157309                    /usr/lib/jvm/java-17-openjdk-amd64/lib/libjli.so
7fcf2d8f0000-7fcf2d8f3000 r--p 0000c000 08:02 3157309                    /usr/lib/jvm/java-17-openjdk-amd64/lib/libjli.so
7fcf2d8f3000-7fcf2d8f4000 ---p 0000f000 08:02 3157309                    /usr/lib/jvm/java-17-openjdk-amd64/lib/libjli.so
7fcf2d8f4000-7fcf2d8f5000 r--p 0000f000 08:02 3157309                    /usr/lib/jvm/java-17-openjdk-amd64/lib/libjli.so
7fcf2d8f5000-7fcf2d8f6000 rw-p 00010000 08:02 3157309                    /usr/lib/jvm/java-17-openjdk-amd64/lib/libjli.so
7fcf2d8f6000-7fcf2d8f8000 rw-p 00000000 00:00 0 
7fcf2d8f8000-7fcf2d8f9000 r--p 00000000 08:02 1179887                    /lib/x86_64-linux-gnu/ld-2.31.so
7fcf2d8f9000-7fcf2d91c000 r-xp 00001000 08:02 1179887                    /lib/x86_64-linux-gnu/ld-2.31.so
7fcf2d91c000-7fcf2d924000 r--p 00024000 08:02 1179887                    /lib/x86_64-linux-gnu/ld-2.31.so
7fcf2d924000-7fcf2d925000 ---p 00000000 00:00 0 
7fcf2d925000-7fcf2d926000 r--p 0002c000 08:02 1179887                    /lib/x86_64-linux-gnu/ld-2.31.so
7fcf2d926000-7fcf2d927000 rw-p 0002d000 08:02 1179887                    /lib/x86_64-linux-gnu/ld-2.31.so
7fcf2d927000-7fcf2d928000 rw-p 00000000 00:00 0 
7ffcdf1a7000-7ffcdf1ab000 ---p 00000000 00:00 0 
7ffcdf986000-7ffcdf9a7000 rw-p 00000000 00:00 0                          [stack]
7ffcdf9b1000-7ffcdf9b4000 r--p 00000000 00:00 0                          [vvar]
7ffcdf9b4000-7ffcdf9b5000 r-xp 00000000 00:00 0                          [vdso]
ffffffffff600000-ffffffffff601000 --xp 00000000 00:00 0                  [vsyscall]


VM Arguments:
jvm_args: -ea -Dfile.encoding=UTF-8 -XX:+ShowCodeDetailsInExceptionMessages 
java_command: org.eclipse.jdt.internal.junit.runner.RemoteTestRunner -version 3 -port 34229 -testLoaderClass org.eclipse.jdt.internal.junit5.runner.JUnit5TestLoader -loaderpluginname org.eclipse.jdt.junit5.runtime -packageNameFile /tmp/packageNames18401130735616704105.txt
java_class_path (initial): /home/cim/ug/zjac115/Year 2/SoftENG/Projects/LectureTDD/target/test-classes:/home/cim/ug/zjac115/Year 2/SoftENG/Projects/LectureTDD/target/classes:/home/cim/ug/zjac115/.m2/repository/org/junit/jupiter/junit-jupiter-engine/5.4.0/junit-jupiter-engine-5.4.0.jar:/home/cim/ug/zjac115/.m2/repository/org/apiguardian/apiguardian-api/1.0.0/apiguardian-api-1.0.0.jar:/home/cim/ug/zjac115/.m2/repository/org/junit/platform/junit-platform-engine/1.4.0/junit-platform-engine-1.4.0.jar:/home/cim/ug/zjac115/.m2/repository/org/opentest4j/opentest4j/1.1.1/opentest4j-1.1.1.jar:/home/cim/ug/zjac115/.m2/repository/org/junit/platform/junit-platform-commons/1.4.0/junit-platform-commons-1.4.0.jar:/home/cim/ug/zjac115/.m2/repository/org/junit/jupiter/junit-jupiter-api/5.4.0/junit-jupiter-api-5.4.0.jar:/home/cim/ug/zjac115/.m2/repository/org/junit/platform/junit-platform-launcher/1.4.0/junit-platform-launcher-1.4.0.jar:/home/cim/ug/zjac115/.eclipse/org.eclipse.platform_4.24.0_1779757669_linux_gtk_x86_64/configuration/org.eclipse.osgi/208/0/.cp:/home/cim/ug/zjac115/.eclipse/org.eclipse.platform_4.24.0_1779757669_linux_gtk_x86_64/configuration/org.eclipse.osgi/206/0/.cp
Launcher Type: SUN_STANDARD

[Global flags]
     intx CICompilerCount                          = 12                                        {product} {ergonomic}
     uint ConcGCThreads                            = 5                                         {product} {ergonomic}
     uint G1ConcRefinementThreads                  = 18                                        {product} {ergonomic}
   size_t G1HeapRegionSize                         = 16777216                                  {product} {ergonomic}
    uintx GCDrainStackTargetSize                   = 64                                        {product} {ergonomic}
   size_t InitialHeapSize                          = 2147483648                                {product} {ergonomic}
   size_t MarkStackSize                            = 4194304                                   {product} {ergonomic}
   size_t MaxHeapSize                              = 32178700288                               {product} {ergonomic}
   size_t MinHeapDeltaBytes                        = 16777216                                  {product} {ergonomic}
   size_t MinHeapSize                              = 16777216                                  {product} {ergonomic}
    uintx NonNMethodCodeHeapSize                   = 7602480                                {pd product} {ergonomic}
    uintx NonProfiledCodeHeapSize                  = 122027880                              {pd product} {ergonomic}
    uintx ProfiledCodeHeapSize                     = 122027880                              {pd product} {ergonomic}
    uintx ReservedCodeCacheSize                    = 251658240                              {pd product} {ergonomic}
     bool SegmentedCodeCache                       = true                                      {product} {ergonomic}
     bool ShowCodeDetailsInExceptionMessages       = true                                   {manageable} {command line}
   size_t SoftMaxHeapSize                          = 32178700288                            {manageable} {ergonomic}
     bool UseCompressedClassPointers               = true                           {product lp64_product} {ergonomic}
     bool UseCompressedOops                        = true                           {product lp64_product} {ergonomic}
     bool UseG1GC                                  = true                                      {product} {ergonomic}

Logging:
Log output configuration:
 #0: stdout all=warning uptime,level,tags
 #1: stderr all=off uptime,level,tags

Environment Variables:
CLASSPATH=.:/apps/jade/lib/jade.jar:/apps/share/java/rhulDrawing
PATH=/usr/local/sbin:/usr/local/bin:/usr/sbin:/usr/bin:/sbin:/bin:/opt/puppetlabs/bin:/apps/x86_64Linux/blast/bin:/apps/x86_64Linux/hmmer:/apps/apache-jena/bin:/apps/pellet/bin:/opt/mpich/ch-p4/bin
USERNAME=zjac115
SHELL=/bin/bash
DISPLAY=:1031.0
LANG=en_GB.UTF-8

Signal Handlers:
   SIGSEGV: 0x00007fcf2d23b710 in libjvm.so+16103184, mask=11100100010111111101111111111110, flags=SA_RESTART|SA_SIGINFO
    SIGBUS: 0x00007fcf2d23b710 in libjvm.so+16103184, mask=11100100010111111101111111111110, flags=SA_RESTART|SA_SIGINFO
    SIGFPE: 0x00007fcf2d23b710 in libjvm.so+16103184, mask=11100100010111111101111111111110, flags=SA_RESTART|SA_SIGINFO
   SIGPIPE: 0x00007fcf2d0dd480 in libjvm.so+14668928, mask=11100100010111111101111111111110, flags=SA_RESTART|SA_SIGINFO
   SIGXFSZ: 0x00007fcf2d0dd480 in libjvm.so+14668928, mask=11100100010111111101111111111110, flags=SA_RESTART|SA_SIGINFO
    SIGILL: 0x00007fcf2d23b710 in libjvm.so+16103184, mask=11100100010111111101111111111110, flags=SA_RESTART|SA_SIGINFO
   SIGUSR2: 0x00007fcf2d0dcaf0 in libjvm.so+14666480, mask=00100000000000000000000000000000, flags=SA_RESTART|SA_SIGINFO
    SIGHUP: SIG_DFL, mask=00000000000000000000000000000000, flags=none
    SIGINT: SIG_DFL, mask=00000000000000000000000000000000, flags=none
   SIGTERM: SIG_DFL, mask=00000000000000000000000000000000, flags=none
   SIGQUIT: 0x00007fcf2d0dd480 in libjvm.so+14668928, mask=11100100010111111101111111111110, flags=SA_RESTART|SA_SIGINFO
   SIGTRAP: 0x00007fcf2d23b710 in libjvm.so+16103184, mask=11100100010111111101111111111110, flags=SA_RESTART|SA_SIGINFO


---------------  S Y S T E M  ---------------

OS:
DISTRIB_ID=Ubuntu
DISTRIB_RELEASE=20.04
DISTRIB_CODENAME=focal
DISTRIB_DESCRIPTION="Ubuntu 20.04.5 LTS"
uname: Linux 5.4.0-128-generic #144-Ubuntu SMP Tue Sep 20 11:00:04 UTC 2022 x86_64
OS uptime: 6 days 8:03 hours
libc: glibc 2.31 NPTL 2.31 
rlimit (soft/hard): STACK 8192k/300000k , CORE 0k/infinity , NPROC 800/1000 , NOFILE 1048576/1048576 , AS 67108864k/268435456k , CPU infinity/infinity , DATA infinity/infinity , FSIZE infinity/infinity , MEMLOCK 65536k/65536k
load average: 33.70 28.62 26.63

/proc/meminfo:
MemTotal:       198078780 kB
MemFree:        81981456 kB
MemAvailable:   128040152 kB
Buffers:          143492 kB
Cached:         45681256 kB
SwapCached:            0 kB
Active:         77269784 kB
Inactive:       29454108 kB
Active(anon):   61098708 kB
Inactive(anon):  2490340 kB
Active(file):   16171076 kB
Inactive(file): 26963768 kB
Unevictable:        4144 kB
Mlocked:            4144 kB
SwapTotal:      31249404 kB
SwapFree:       31249404 kB
Dirty:              1772 kB
Writeback:             0 kB
AnonPages:      60902692 kB
Mapped:          4781348 kB
Shmem:           2724300 kB
KReclaimable:    4376696 kB
Slab:            7316592 kB
SReclaimable:    4376696 kB
SUnreclaim:      2939896 kB
KernelStack:      273200 kB
PageTables:       564404 kB
NFS_Unstable:          0 kB
Bounce:                0 kB
WritebackTmp:          0 kB
CommitLimit:    130288792 kB
Committed_AS:   171325276 kB
VmallocTotal:   34359738367 kB
VmallocUsed:      527188 kB
VmallocChunk:          0 kB
Percpu:           280064 kB
HardwareCorrupted:     0 kB
AnonHugePages:         0 kB
ShmemHugePages:        0 kB
ShmemPmdMapped:        0 kB
FileHugePages:         0 kB
FilePmdMapped:         0 kB
CmaTotal:              0 kB
CmaFree:               0 kB
HugePages_Total:       0
HugePages_Free:        0
HugePages_Rsvd:        0
HugePages_Surp:        0
Hugepagesize:       2048 kB
Hugetlb:               0 kB
DirectMap4k:     4259712 kB
DirectMap2M:    111083520 kB
DirectMap1G:    88080384 kB

/sys/kernel/mm/transparent_hugepage/enabled: always [madvise] never
/sys/kernel/mm/transparent_hugepage/defrag (defrag/compaction efforts parameter): always defer defer+madvise [madvise] never

Process Memory:
Virtual Size: 33026452K (peak: 33026452K)
Resident Set Size: 16392K (peak: 16392K) (anon: 2792K, file: 13568K, shmem: 32K)
Swapped out: 0K
C-Heap outstanding allocations: 20382K, retained: 61K
glibc malloc tunables: (default)

/proc/sys/kernel/threads-max (system-wide limit on the number of threads): 1546984
/proc/sys/vm/max_map_count (maximum number of memory map areas a process may have): 65530
/proc/sys/kernel/pid_max (system-wide limit on number of process identifiers): 4194304

container (cgroup) information:
container_type: cgroupv1
cpu_cpuset_cpus: 0-23
cpu_memory_nodes: 0-1
active_processor_count: 24
cpu_quota: no quota
cpu_period: 100000
cpu_shares: no shares
memory_limit_in_bytes: unlimited
memory_and_swap_limit_in_bytes: not supported
memory_soft_limit_in_bytes: unlimited
memory_usage_in_bytes: 2837836 k
memory_max_usage_in_bytes: 3236528 k
maximum number of tasks: unlimited
current number of tasks: 737

VMWare virtualization detected
Steal ticks since vm start: 0
Steal ticks percentage since vm start:  0.000

CPU: total 24 (initial active 24) (1 cores per cpu, 1 threads per core) family 6 model 79 stepping 1 microcode 0xb00003a, cx8, cmov, fxsr, mmx, 3dnowpref, sse, sse2, sse3, ssse3, sse4.1, sse4.2, popcnt, lzcnt, tsc, tscinvbit, avx, avx2, aes, erms, clmul, bmi1, bmi2, adx, fma, vzeroupper, clflush, hv
CPU Model and flags from /proc/cpuinfo:
model name	: Intel(R) Xeon(R) CPU E5-2683 v4 @ 2.10GHz
flags		: fpu vme de pse tsc msr pae mce cx8 apic sep mtrr pge mca cmov pat pse36 clflush dts mmx fxsr sse sse2 ss syscall nx pdpe1gb rdtscp lm constant_tsc arch_perfmon pebs bts nopl xtopology tsc_reliable nonstop_tsc cpuid pni pclmulqdq ssse3 fma cx16 pcid sse4_1 sse4_2 x2apic movbe popcnt tsc_deadline_timer aes xsave avx f16c rdrand hypervisor lahf_lm abm 3dnowprefetch cpuid_fault invpcid_single pti ssbd ibrs ibpb stibp fsgsbase tsc_adjust bmi1 avx2 smep bmi2 invpcid rdseed adx smap xsaveopt arat md_clear flush_l1d arch_capabilities

Online cpus: 0-23
Offline cpus: 
BIOS frequency limitation: <Not Available>
Frequency switch latency (ns): <Not Available>
Available cpu frequencies: <Not Available>
Current governor: <Not Available>
Core performance/turbo boost: <Not Available>

Memory: 4k page, physical 198078780k(81981456k free), swap 31249404k(31249404k free)
Page Sizes: 4k

vm_info: OpenJDK 64-Bit Server VM (17.0.4+8-Ubuntu-120.04) for linux-amd64 JRE (17.0.4+8-Ubuntu-120.04), built on Jul 22 2022 09:53:09 by "buildd" with gcc 9.4.0

END.
